
*** Running vivado
    with args -log matrix_to_sevenseg.vds -m64 -product Vivado -mode batch -messageDb vivado.pb -notrace -source matrix_to_sevenseg.tcl


****** Vivado v2025.2 (64-bit)
  **** SW Build 6299465 on Fri Nov 14 12:34:56 MST 2025
  **** IP Build 6300035 on Fri Nov 14 10:48:45 MST 2025
  **** SharedData Build 6298862 on Thu Nov 13 04:50:51 MST 2025
  **** Start of session at: Wed Jul  1 20:06:00 2026
    ** Copyright 1986-2022 Xilinx, Inc. All Rights Reserved.
    ** Copyright 2022-2025 Advanced Micro Devices, Inc. All Rights Reserved.

source matrix_to_sevenseg.tcl -notrace
Command: read_checkpoint -auto_incremental -incremental {/home/pyra/Documents/Personal Projects/CHIP8-on-Blackboard/project_1.srcs/utils_1/imports/synth_1/testingPMODC.dcp}
INFO: [Vivado 12-5825] Read reference checkpoint from /home/pyra/Documents/Personal Projects/CHIP8-on-Blackboard/project_1.srcs/utils_1/imports/synth_1/testingPMODC.dcp for incremental synthesis
INFO: [Vivado 12-7989] Please ensure there are no constraint changes
Command: synth_design -top matrix_to_sevenseg -part xc7z007sclg400-1
Starting synth_design
Attempting to get a license for feature 'Synthesis' and/or device 'xc7z007s'
INFO: [Common 17-349] Got license for feature 'Synthesis' and/or device 'xc7z007s'
INFO: [Device 21-403] Loading part xc7z007sclg400-1
INFO: [Synth 8-7079] Multithreading enabled for synth_design using a maximum of 7 processes.
INFO: [Synth 8-7078] Launching helper process for spawning children vivado processes
INFO: [Synth 8-7075] Helper process launched with PID 76906
---------------------------------------------------------------------------------
Starting RTL Elaboration : Time (s): cpu = 00:00:03 ; elapsed = 00:00:03 . Memory (MB): peak = 2236.039 ; gain = 482.188 ; free physical = 11251 ; free virtual = 23428
---------------------------------------------------------------------------------
INFO: [Synth 8-6157] synthesizing module 'matrix_to_sevenseg' [/home/pyra/Documents/Personal Projects/CHIP8-on-Blackboard/project_1.srcs/sources_1/new/matrix_to_sevenseg.sv:23]
INFO: [Synth 8-6157] synthesizing module 'matrix_decoder' [/home/pyra/Documents/Personal Projects/CHIP8-on-Blackboard/project_1.srcs/sources_1/new/matrix_decoder.sv:23]
INFO: [Synth 8-6155] done synthesizing module 'matrix_decoder' (0#1) [/home/pyra/Documents/Personal Projects/CHIP8-on-Blackboard/project_1.srcs/sources_1/new/matrix_decoder.sv:23]
WARNING: [Synth 8-7071] port 'sel_number' of module 'matrix_decoder' is unconnected for instance 'md0' [/home/pyra/Documents/Personal Projects/CHIP8-on-Blackboard/project_1.srcs/sources_1/new/matrix_to_sevenseg.sv:37]
WARNING: [Synth 8-7023] instance 'md0' of module 'matrix_decoder' has 12 connections declared, but only 11 given [/home/pyra/Documents/Personal Projects/CHIP8-on-Blackboard/project_1.srcs/sources_1/new/matrix_to_sevenseg.sv:37]
INFO: [Synth 8-6157] synthesizing module 'sevenseg_decoder' [/home/pyra/Documents/Personal Projects/CHIP8-on-Blackboard/project_1.srcs/sources_1/new/sevenseg_decoder.sv:22]
INFO: [Synth 8-6155] done synthesizing module 'sevenseg_decoder' (0#1) [/home/pyra/Documents/Personal Projects/CHIP8-on-Blackboard/project_1.srcs/sources_1/new/sevenseg_decoder.sv:22]
INFO: [Synth 8-6155] done synthesizing module 'matrix_to_sevenseg' (0#1) [/home/pyra/Documents/Personal Projects/CHIP8-on-Blackboard/project_1.srcs/sources_1/new/matrix_to_sevenseg.sv:23]
WARNING: [Synth 8-87] always_comb on 'sel_number_reg' did not result in combinational logic [/home/pyra/Documents/Personal Projects/CHIP8-on-Blackboard/project_1.srcs/sources_1/new/matrix_decoder.sv:87]
WARNING: [Synth 8-3848] Net sel_number in module/entity matrix_to_sevenseg does not have driver. [/home/pyra/Documents/Personal Projects/CHIP8-on-Blackboard/project_1.srcs/sources_1/new/matrix_to_sevenseg.sv:35]
WARNING: [Synth 8-3917] design matrix_to_sevenseg has port seg_an[3] driven by constant 1
WARNING: [Synth 8-3917] design matrix_to_sevenseg has port seg_an[2] driven by constant 1
WARNING: [Synth 8-3917] design matrix_to_sevenseg has port seg_an[1] driven by constant 1
WARNING: [Synth 8-3917] design matrix_to_sevenseg has port seg_an[0] driven by constant 0
WARNING: [Synth 8-7129] Port btn[3] in module matrix_to_sevenseg is either unconnected or has no load
WARNING: [Synth 8-7129] Port btn[2] in module matrix_to_sevenseg is either unconnected or has no load
WARNING: [Synth 8-7129] Port btn[1] in module matrix_to_sevenseg is either unconnected or has no load
---------------------------------------------------------------------------------
Finished RTL Elaboration : Time (s): cpu = 00:00:04 ; elapsed = 00:00:04 . Memory (MB): peak = 2322.008 ; gain = 568.156 ; free physical = 11148 ; free virtual = 23325
---------------------------------------------------------------------------------
---------------------------------------------------------------------------------
Start Handling Custom Attributes
---------------------------------------------------------------------------------
---------------------------------------------------------------------------------
Finished Handling Custom Attributes : Time (s): cpu = 00:00:04 ; elapsed = 00:00:04 . Memory (MB): peak = 2336.852 ; gain = 583.000 ; free physical = 11147 ; free virtual = 23325
---------------------------------------------------------------------------------
---------------------------------------------------------------------------------
Finished RTL Optimization Phase 1 : Time (s): cpu = 00:00:04 ; elapsed = 00:00:04 . Memory (MB): peak = 2336.852 ; gain = 583.000 ; free physical = 11147 ; free virtual = 23325
---------------------------------------------------------------------------------
Netlist sorting complete. Time (s): cpu = 00:00:00 ; elapsed = 00:00:00 . Memory (MB): peak = 2336.852 ; gain = 0.000 ; free physical = 11147 ; free virtual = 23325
INFO: [Project 1-570] Preparing netlist for logic optimization

Processing XDC Constraints
Initializing timing engine
Parsing XDC File [/home/pyra/Documents/Personal Projects/CHIP8-on-Blackboard/blackboard.xdc]
WARNING: [Vivado 12-584] No ports matched 'led[0]'. [/home/pyra/Documents/Personal Projects/CHIP8-on-Blackboard/blackboard.xdc:7]
CRITICAL WARNING: [Common 17-55] 'set_property' expects at least one object. [/home/pyra/Documents/Personal Projects/CHIP8-on-Blackboard/blackboard.xdc:7]
Resolution: If [get_<value>] was used to populate the object, check to make sure this command returns at least one valid object.
WARNING: [Vivado 12-584] No ports matched 'led[1]'. [/home/pyra/Documents/Personal Projects/CHIP8-on-Blackboard/blackboard.xdc:8]
CRITICAL WARNING: [Common 17-55] 'set_property' expects at least one object. [/home/pyra/Documents/Personal Projects/CHIP8-on-Blackboard/blackboard.xdc:8]
Resolution: If [get_<value>] was used to populate the object, check to make sure this command returns at least one valid object.
WARNING: [Vivado 12-584] No ports matched 'led[2]'. [/home/pyra/Documents/Personal Projects/CHIP8-on-Blackboard/blackboard.xdc:9]
CRITICAL WARNING: [Common 17-55] 'set_property' expects at least one object. [/home/pyra/Documents/Personal Projects/CHIP8-on-Blackboard/blackboard.xdc:9]
Resolution: If [get_<value>] was used to populate the object, check to make sure this command returns at least one valid object.
WARNING: [Vivado 12-584] No ports matched 'led[3]'. [/home/pyra/Documents/Personal Projects/CHIP8-on-Blackboard/blackboard.xdc:10]
CRITICAL WARNING: [Common 17-55] 'set_property' expects at least one object. [/home/pyra/Documents/Personal Projects/CHIP8-on-Blackboard/blackboard.xdc:10]
Resolution: If [get_<value>] was used to populate the object, check to make sure this command returns at least one valid object.
WARNING: [Vivado 12-584] No ports matched 'led[4]'. [/home/pyra/Documents/Personal Projects/CHIP8-on-Blackboard/blackboard.xdc:11]
CRITICAL WARNING: [Common 17-55] 'set_property' expects at least one object. [/home/pyra/Documents/Personal Projects/CHIP8-on-Blackboard/blackboard.xdc:11]
Resolution: If [get_<value>] was used to populate the object, check to make sure this command returns at least one valid object.
WARNING: [Vivado 12-584] No ports matched 'led[5]'. [/home/pyra/Documents/Personal Projects/CHIP8-on-Blackboard/blackboard.xdc:12]
CRITICAL WARNING: [Common 17-55] 'set_property' expects at least one object. [/home/pyra/Documents/Personal Projects/CHIP8-on-Blackboard/blackboard.xdc:12]
Resolution: If [get_<value>] was used to populate the object, check to make sure this command returns at least one valid object.
WARNING: [Vivado 12-584] No ports matched 'led[6]'. [/home/pyra/Documents/Personal Projects/CHIP8-on-Blackboard/blackboard.xdc:13]
CRITICAL WARNING: [Common 17-55] 'set_property' expects at least one object. [/home/pyra/Documents/Personal Projects/CHIP8-on-Blackboard/blackboard.xdc:13]
Resolution: If [get_<value>] was used to populate the object, check to make sure this command returns at least one valid object.
WARNING: [Vivado 12-584] No ports matched 'led[7]'. [/home/pyra/Documents/Personal Projects/CHIP8-on-Blackboard/blackboard.xdc:14]
CRITICAL WARNING: [Common 17-55] 'set_property' expects at least one object. [/home/pyra/Documents/Personal Projects/CHIP8-on-Blackboard/blackboard.xdc:14]
Resolution: If [get_<value>] was used to populate the object, check to make sure this command returns at least one valid object.
WARNING: [Vivado 12-584] No ports matched 'led[8]'. [/home/pyra/Documents/Personal Projects/CHIP8-on-Blackboard/blackboard.xdc:15]
CRITICAL WARNING: [Common 17-55] 'set_property' expects at least one object. [/home/pyra/Documents/Personal Projects/CHIP8-on-Blackboard/blackboard.xdc:15]
Resolution: If [get_<value>] was used to populate the object, check to make sure this command returns at least one valid object.
WARNING: [Vivado 12-584] No ports matched 'led[9]'. [/home/pyra/Documents/Personal Projects/CHIP8-on-Blackboard/blackboard.xdc:16]
CRITICAL WARNING: [Common 17-55] 'set_property' expects at least one object. [/home/pyra/Documents/Personal Projects/CHIP8-on-Blackboard/blackboard.xdc:16]
Resolution: If [get_<value>] was used to populate the object, check to make sure this command returns at least one valid object.
WARNING: [Vivado 12-584] No ports matched 'RGB_led_A[0]'. [/home/pyra/Documents/Personal Projects/CHIP8-on-Blackboard/blackboard.xdc:19]
CRITICAL WARNING: [Common 17-55] 'set_property' expects at least one object. [/home/pyra/Documents/Personal Projects/CHIP8-on-Blackboard/blackboard.xdc:19]
Resolution: If [get_<value>] was used to populate the object, check to make sure this command returns at least one valid object.
WARNING: [Vivado 12-584] No ports matched 'RGB_led_A[1]'. [/home/pyra/Documents/Personal Projects/CHIP8-on-Blackboard/blackboard.xdc:20]
CRITICAL WARNING: [Common 17-55] 'set_property' expects at least one object. [/home/pyra/Documents/Personal Projects/CHIP8-on-Blackboard/blackboard.xdc:20]
Resolution: If [get_<value>] was used to populate the object, check to make sure this command returns at least one valid object.
WARNING: [Vivado 12-584] No ports matched 'RGB_led_A[2]'. [/home/pyra/Documents/Personal Projects/CHIP8-on-Blackboard/blackboard.xdc:21]
CRITICAL WARNING: [Common 17-55] 'set_property' expects at least one object. [/home/pyra/Documents/Personal Projects/CHIP8-on-Blackboard/blackboard.xdc:21]
Resolution: If [get_<value>] was used to populate the object, check to make sure this command returns at least one valid object.
WARNING: [Vivado 12-584] No ports matched 'RGB_led_B[0]'. [/home/pyra/Documents/Personal Projects/CHIP8-on-Blackboard/blackboard.xdc:23]
CRITICAL WARNING: [Common 17-55] 'set_property' expects at least one object. [/home/pyra/Documents/Personal Projects/CHIP8-on-Blackboard/blackboard.xdc:23]
Resolution: If [get_<value>] was used to populate the object, check to make sure this command returns at least one valid object.
WARNING: [Vivado 12-584] No ports matched 'RGB_led_B[1]'. [/home/pyra/Documents/Personal Projects/CHIP8-on-Blackboard/blackboard.xdc:24]
CRITICAL WARNING: [Common 17-55] 'set_property' expects at least one object. [/home/pyra/Documents/Personal Projects/CHIP8-on-Blackboard/blackboard.xdc:24]
Resolution: If [get_<value>] was used to populate the object, check to make sure this command returns at least one valid object.
WARNING: [Vivado 12-584] No ports matched 'RGB_led_B[2]'. [/home/pyra/Documents/Personal Projects/CHIP8-on-Blackboard/blackboard.xdc:25]
CRITICAL WARNING: [Common 17-55] 'set_property' expects at least one object. [/home/pyra/Documents/Personal Projects/CHIP8-on-Blackboard/blackboard.xdc:25]
Resolution: If [get_<value>] was used to populate the object, check to make sure this command returns at least one valid object.
WARNING: [Vivado 12-584] No ports matched 'sw[0]'. [/home/pyra/Documents/Personal Projects/CHIP8-on-Blackboard/blackboard.xdc:28]
CRITICAL WARNING: [Common 17-55] 'set_property' expects at least one object. [/home/pyra/Documents/Personal Projects/CHIP8-on-Blackboard/blackboard.xdc:28]
Resolution: If [get_<value>] was used to populate the object, check to make sure this command returns at least one valid object.
WARNING: [Vivado 12-584] No ports matched 'sw[1]'. [/home/pyra/Documents/Personal Projects/CHIP8-on-Blackboard/blackboard.xdc:29]
CRITICAL WARNING: [Common 17-55] 'set_property' expects at least one object. [/home/pyra/Documents/Personal Projects/CHIP8-on-Blackboard/blackboard.xdc:29]
Resolution: If [get_<value>] was used to populate the object, check to make sure this command returns at least one valid object.
WARNING: [Vivado 12-584] No ports matched 'sw[2]'. [/home/pyra/Documents/Personal Projects/CHIP8-on-Blackboard/blackboard.xdc:30]
CRITICAL WARNING: [Common 17-55] 'set_property' expects at least one object. [/home/pyra/Documents/Personal Projects/CHIP8-on-Blackboard/blackboard.xdc:30]
Resolution: If [get_<value>] was used to populate the object, check to make sure this command returns at least one valid object.
WARNING: [Vivado 12-584] No ports matched 'sw[3]'. [/home/pyra/Documents/Personal Projects/CHIP8-on-Blackboard/blackboard.xdc:31]
CRITICAL WARNING: [Common 17-55] 'set_property' expects at least one object. [/home/pyra/Documents/Personal Projects/CHIP8-on-Blackboard/blackboard.xdc:31]
Resolution: If [get_<value>] was used to populate the object, check to make sure this command returns at least one valid object.
WARNING: [Vivado 12-584] No ports matched 'sw[4]'. [/home/pyra/Documents/Personal Projects/CHIP8-on-Blackboard/blackboard.xdc:32]
CRITICAL WARNING: [Common 17-55] 'set_property' expects at least one object. [/home/pyra/Documents/Personal Projects/CHIP8-on-Blackboard/blackboard.xdc:32]
Resolution: If [get_<value>] was used to populate the object, check to make sure this command returns at least one valid object.
WARNING: [Vivado 12-584] No ports matched 'sw[5]'. [/home/pyra/Documents/Personal Projects/CHIP8-on-Blackboard/blackboard.xdc:33]
CRITICAL WARNING: [Common 17-55] 'set_property' expects at least one object. [/home/pyra/Documents/Personal Projects/CHIP8-on-Blackboard/blackboard.xdc:33]
Resolution: If [get_<value>] was used to populate the object, check to make sure this command returns at least one valid object.
WARNING: [Vivado 12-584] No ports matched 'sw[6]'. [/home/pyra/Documents/Personal Projects/CHIP8-on-Blackboard/blackboard.xdc:34]
CRITICAL WARNING: [Common 17-55] 'set_property' expects at least one object. [/home/pyra/Documents/Personal Projects/CHIP8-on-Blackboard/blackboard.xdc:34]
Resolution: If [get_<value>] was used to populate the object, check to make sure this command returns at least one valid object.
WARNING: [Vivado 12-584] No ports matched 'sw[7]'. [/home/pyra/Documents/Personal Projects/CHIP8-on-Blackboard/blackboard.xdc:35]
CRITICAL WARNING: [Common 17-55] 'set_property' expects at least one object. [/home/pyra/Documents/Personal Projects/CHIP8-on-Blackboard/blackboard.xdc:35]
Resolution: If [get_<value>] was used to populate the object, check to make sure this command returns at least one valid object.
WARNING: [Vivado 12-584] No ports matched 'sw[8]'. [/home/pyra/Documents/Personal Projects/CHIP8-on-Blackboard/blackboard.xdc:36]
CRITICAL WARNING: [Common 17-55] 'set_property' expects at least one object. [/home/pyra/Documents/Personal Projects/CHIP8-on-Blackboard/blackboard.xdc:36]
Resolution: If [get_<value>] was used to populate the object, check to make sure this command returns at least one valid object.
WARNING: [Vivado 12-584] No ports matched 'sw[9]'. [/home/pyra/Documents/Personal Projects/CHIP8-on-Blackboard/blackboard.xdc:37]
CRITICAL WARNING: [Common 17-55] 'set_property' expects at least one object. [/home/pyra/Documents/Personal Projects/CHIP8-on-Blackboard/blackboard.xdc:37]
Resolution: If [get_<value>] was used to populate the object, check to make sure this command returns at least one valid object.
WARNING: [Vivado 12-584] No ports matched 'sw[10]'. [/home/pyra/Documents/Personal Projects/CHIP8-on-Blackboard/blackboard.xdc:38]
CRITICAL WARNING: [Common 17-55] 'set_property' expects at least one object. [/home/pyra/Documents/Personal Projects/CHIP8-on-Blackboard/blackboard.xdc:38]
Resolution: If [get_<value>] was used to populate the object, check to make sure this command returns at least one valid object.
WARNING: [Vivado 12-584] No ports matched 'sw[11]'. [/home/pyra/Documents/Personal Projects/CHIP8-on-Blackboard/blackboard.xdc:39]
CRITICAL WARNING: [Common 17-55] 'set_property' expects at least one object. [/home/pyra/Documents/Personal Projects/CHIP8-on-Blackboard/blackboard.xdc:39]
Resolution: If [get_<value>] was used to populate the object, check to make sure this command returns at least one valid object.
Finished Parsing XDC File [/home/pyra/Documents/Personal Projects/CHIP8-on-Blackboard/blackboard.xdc]
INFO: [Project 1-236] Implementation specific constraints were found while reading constraint file [/home/pyra/Documents/Personal Projects/CHIP8-on-Blackboard/blackboard.xdc]. These constraints will be ignored for synthesis but will be used in implementation. Impacted constraints are listed in the file [.Xil/matrix_to_sevenseg_propImpl.xdc].
Resolution: To avoid this warning, move constraints listed in [.Xil/matrix_to_sevenseg_propImpl.xdc] to another XDC file and exclude this new file from synthesis with the used_in_synthesis property (File Properties dialog in GUI) and re-run elaboration/synthesis.
Completed Processing XDC Constraints

Netlist sorting complete. Time (s): cpu = 00:00:00 ; elapsed = 00:00:00 . Memory (MB): peak = 2507.629 ; gain = 0.000 ; free physical = 11126 ; free virtual = 23314
INFO: [Project 1-111] Unisim Transformation Summary:
No Unisim elements were transformed.

sh: 1: cannot create /home/pyra/Documents/Personal: Is a directory
Constraint Validation Runtime : Time (s): cpu = 00:00:00 ; elapsed = 00:00:00 . Memory (MB): peak = 2507.664 ; gain = 0.000 ; free physical = 11125 ; free virtual = 23314
---------------------------------------------------------------------------------
Finished Constraint Validation : Time (s): cpu = 00:00:08 ; elapsed = 00:00:09 . Memory (MB): peak = 2507.664 ; gain = 753.812 ; free physical = 11140 ; free virtual = 23329
---------------------------------------------------------------------------------
---------------------------------------------------------------------------------
Start Loading Part and Timing Information
---------------------------------------------------------------------------------
Loading part: xc7z007sclg400-1
---------------------------------------------------------------------------------
Finished Loading Part and Timing Information : Time (s): cpu = 00:00:08 ; elapsed = 00:00:09 . Memory (MB): peak = 2523.633 ; gain = 769.781 ; free physical = 11140 ; free virtual = 23329
---------------------------------------------------------------------------------
---------------------------------------------------------------------------------
Start Applying 'set_property' XDC Constraints
---------------------------------------------------------------------------------
---------------------------------------------------------------------------------
Finished applying 'set_property' XDC Constraints : Time (s): cpu = 00:00:08 ; elapsed = 00:00:09 . Memory (MB): peak = 2523.633 ; gain = 769.781 ; free physical = 11140 ; free virtual = 23329
---------------------------------------------------------------------------------
---------------------------------------------------------------------------------
Start Preparing Guide Design
---------------------------------------------------------------------------------
CRITICAL WARNING: [Synth 8-6895] The reference checkpoint /home/pyra/Documents/Personal Projects/CHIP8-on-Blackboard/project_1.srcs/utils_1/imports/synth_1/testingPMODC.dcp is not suitable for use with incremental synthesis for this design. Please regenerate the checkpoint for this design with -incremental_synth switch in the same Vivado session that synth_design has been run. Synthesis will continue with the default flow
---------------------------------------------------------------------------------
Finished Doing Graph Differ : Time (s): cpu = 00:00:08 ; elapsed = 00:00:09 . Memory (MB): peak = 2523.633 ; gain = 769.781 ; free physical = 11140 ; free virtual = 23331
---------------------------------------------------------------------------------
---------------------------------------------------------------------------------
Finished Preparing Guide Design : Time (s): cpu = 00:00:08 ; elapsed = 00:00:09 . Memory (MB): peak = 2523.633 ; gain = 769.781 ; free physical = 11140 ; free virtual = 23331
---------------------------------------------------------------------------------
WARNING: [Synth 8-327] inferring latch for variable 'sel_number_reg' [/home/pyra/Documents/Personal Projects/CHIP8-on-Blackboard/project_1.srcs/sources_1/new/matrix_decoder.sv:87]
---------------------------------------------------------------------------------
Finished RTL Optimization Phase 2 : Time (s): cpu = 00:00:08 ; elapsed = 00:00:09 . Memory (MB): peak = 2523.633 ; gain = 769.781 ; free physical = 11140 ; free virtual = 23331
---------------------------------------------------------------------------------


Incremental Synthesis Report Summary:

1. Incremental synthesis run: no

   Reason for not running incremental synthesis : 


INFO: [Synth 8-7130] Flow is switching to default flow due to incremental criteria not met. If you would like to alter this behaviour and have the flow terminate instead, please set the following parameter config_implementation {autoIncr.Synth.RejectBehavior Terminate}
---------------------------------------------------------------------------------
Start RTL Component Statistics 
---------------------------------------------------------------------------------
Detailed RTL Component Info : 
+---Adders : 
	   4 Input    4 Bit       Adders := 1     
	   2 Input    2 Bit       Adders := 2     
+---Registers : 
	                2 Bit    Registers := 2     
+---Muxes : 
	   2 Input    7 Bit        Muxes := 1     
	   2 Input    4 Bit        Muxes := 3     
	   2 Input    1 Bit        Muxes := 1     
	   4 Input    1 Bit        Muxes := 5     
---------------------------------------------------------------------------------
Finished RTL Component Statistics 
---------------------------------------------------------------------------------
---------------------------------------------------------------------------------
Start Part Resource Summary
---------------------------------------------------------------------------------
Part Resources:
DSPs: 66 (col length:40)
BRAMs: 100 (col length: RAMB18 40 RAMB36 20)
---------------------------------------------------------------------------------
Finished Part Resource Summary
---------------------------------------------------------------------------------
---------------------------------------------------------------------------------
Start Cross Boundary and Area Optimization
---------------------------------------------------------------------------------
WARNING: [Synth 8-3917] design matrix_to_sevenseg has port seg_an[3] driven by constant 1
WARNING: [Synth 8-3917] design matrix_to_sevenseg has port seg_an[2] driven by constant 1
WARNING: [Synth 8-3917] design matrix_to_sevenseg has port seg_an[1] driven by constant 1
WARNING: [Synth 8-3917] design matrix_to_sevenseg has port seg_an[0] driven by constant 0
WARNING: [Synth 8-7129] Port btn[3] in module matrix_to_sevenseg is either unconnected or has no load
WARNING: [Synth 8-7129] Port btn[2] in module matrix_to_sevenseg is either unconnected or has no load
WARNING: [Synth 8-7129] Port btn[1] in module matrix_to_sevenseg is either unconnected or has no load
WARNING: [Synth 8-3332] Sequential element (md0/sel_number_reg[3]) is unused and will be removed from module matrix_to_sevenseg.
WARNING: [Synth 8-3332] Sequential element (md0/sel_number_reg[2]) is unused and will be removed from module matrix_to_sevenseg.
WARNING: [Synth 8-3332] Sequential element (md0/sel_number_reg[1]) is unused and will be removed from module matrix_to_sevenseg.
WARNING: [Synth 8-3332] Sequential element (md0/sel_number_reg[0]) is unused and will be removed from module matrix_to_sevenseg.
---------------------------------------------------------------------------------
Finished Cross Boundary and Area Optimization : Time (s): cpu = 00:00:09 ; elapsed = 00:00:10 . Memory (MB): peak = 2523.633 ; gain = 769.781 ; free physical = 11139 ; free virtual = 23339
---------------------------------------------------------------------------------
---------------------------------------------------------------------------------
Start Applying XDC Timing Constraints
---------------------------------------------------------------------------------
---------------------------------------------------------------------------------
Finished Applying XDC Timing Constraints : Time (s): cpu = 00:00:13 ; elapsed = 00:00:14 . Memory (MB): peak = 2589.633 ; gain = 835.781 ; free physical = 11054 ; free virtual = 23262
---------------------------------------------------------------------------------
---------------------------------------------------------------------------------
Start Timing Optimization
---------------------------------------------------------------------------------
---------------------------------------------------------------------------------
Finished Timing Optimization : Time (s): cpu = 00:00:13 ; elapsed = 00:00:14 . Memory (MB): peak = 2589.633 ; gain = 835.781 ; free physical = 11054 ; free virtual = 23262
---------------------------------------------------------------------------------
---------------------------------------------------------------------------------
Start Technology Mapping
---------------------------------------------------------------------------------
---------------------------------------------------------------------------------
Finished Technology Mapping : Time (s): cpu = 00:00:13 ; elapsed = 00:00:14 . Memory (MB): peak = 2599.648 ; gain = 845.797 ; free physical = 11046 ; free virtual = 23255
---------------------------------------------------------------------------------
---------------------------------------------------------------------------------
Start IO Insertion
---------------------------------------------------------------------------------
---------------------------------------------------------------------------------
Start Flattening Before IO Insertion
---------------------------------------------------------------------------------
---------------------------------------------------------------------------------
Finished Flattening Before IO Insertion
---------------------------------------------------------------------------------
---------------------------------------------------------------------------------
Start Final Netlist Cleanup
---------------------------------------------------------------------------------
---------------------------------------------------------------------------------
Finished Final Netlist Cleanup
---------------------------------------------------------------------------------
---------------------------------------------------------------------------------
Finished IO Insertion : Time (s): cpu = 00:00:15 ; elapsed = 00:00:16 . Memory (MB): peak = 2786.461 ; gain = 1032.609 ; free physical = 10888 ; free virtual = 23095
---------------------------------------------------------------------------------
---------------------------------------------------------------------------------
Start Renaming Generated Instances
---------------------------------------------------------------------------------
---------------------------------------------------------------------------------
Finished Renaming Generated Instances : Time (s): cpu = 00:00:15 ; elapsed = 00:00:16 . Memory (MB): peak = 2786.461 ; gain = 1032.609 ; free physical = 10888 ; free virtual = 23095
---------------------------------------------------------------------------------
---------------------------------------------------------------------------------
Start Rebuilding User Hierarchy
---------------------------------------------------------------------------------
---------------------------------------------------------------------------------
Finished Rebuilding User Hierarchy : Time (s): cpu = 00:00:15 ; elapsed = 00:00:16 . Memory (MB): peak = 2786.461 ; gain = 1032.609 ; free physical = 10888 ; free virtual = 23095
---------------------------------------------------------------------------------
---------------------------------------------------------------------------------
Start Renaming Generated Ports
---------------------------------------------------------------------------------
---------------------------------------------------------------------------------
Finished Renaming Generated Ports : Time (s): cpu = 00:00:15 ; elapsed = 00:00:16 . Memory (MB): peak = 2786.461 ; gain = 1032.609 ; free physical = 10888 ; free virtual = 23095
---------------------------------------------------------------------------------
---------------------------------------------------------------------------------
Start Handling Custom Attributes
---------------------------------------------------------------------------------
---------------------------------------------------------------------------------
Finished Handling Custom Attributes : Time (s): cpu = 00:00:15 ; elapsed = 00:00:16 . Memory (MB): peak = 2786.461 ; gain = 1032.609 ; free physical = 10888 ; free virtual = 23095
---------------------------------------------------------------------------------
---------------------------------------------------------------------------------
Start Renaming Generated Nets
---------------------------------------------------------------------------------
---------------------------------------------------------------------------------
Finished Renaming Generated Nets : Time (s): cpu = 00:00:15 ; elapsed = 00:00:16 . Memory (MB): peak = 2786.461 ; gain = 1032.609 ; free physical = 10888 ; free virtual = 23095
---------------------------------------------------------------------------------
---------------------------------------------------------------------------------
Start Writing Synthesis Report
---------------------------------------------------------------------------------

Report BlackBoxes: 
+-+--------------+----------+
| |BlackBox name |Instances |
+-+--------------+----------+
+-+--------------+----------+

Report Cell Usage: 
+------+-----+------+
|      |Cell |Count |
+------+-----+------+
|1     |BUFG |     1|
|2     |LUT1 |     2|
|3     |LUT2 |     5|
|4     |LUT3 |     1|
|5     |LUT4 |     1|
|6     |LUT6 |     1|
|7     |FDCE |     4|
|8     |IBUF |     6|
|9     |OBUF |    16|
+------+-----+------+
---------------------------------------------------------------------------------
Finished Writing Synthesis Report : Time (s): cpu = 00:00:15 ; elapsed = 00:00:16 . Memory (MB): peak = 2786.461 ; gain = 1032.609 ; free physical = 10888 ; free virtual = 23095
---------------------------------------------------------------------------------
Synthesis finished with 0 errors, 1 critical warnings and 12 warnings.
Synthesis Optimization Runtime : Time (s): cpu = 00:00:14 ; elapsed = 00:00:15 . Memory (MB): peak = 2786.461 ; gain = 861.797 ; free physical = 10887 ; free virtual = 23094
Synthesis Optimization Complete : Time (s): cpu = 00:00:15 ; elapsed = 00:00:16 . Memory (MB): peak = 2786.469 ; gain = 1032.609 ; free physical = 10887 ; free virtual = 23094
INFO: [Project 1-571] Translating synthesized netlist
Netlist sorting complete. Time (s): cpu = 00:00:00 ; elapsed = 00:00:00 . Memory (MB): peak = 2786.469 ; gain = 0.000 ; free physical = 10887 ; free virtual = 23094
INFO: [Project 1-570] Preparing netlist for logic optimization
INFO: [Opt 31-138] Pushed 0 inverter(s) to 0 load pin(s).
Netlist sorting complete. Time (s): cpu = 00:00:00 ; elapsed = 00:00:00 . Memory (MB): peak = 2898.488 ; gain = 0.000 ; free physical = 11101 ; free virtual = 23308
INFO: [Project 1-111] Unisim Transformation Summary:
No Unisim elements were transformed.

sh: 1: cannot create /home/pyra/Documents/Personal: Is a directory
Synth Design complete | Checksum: 2ee59ae3
INFO: [Common 17-83] Releasing license: Synthesis
22 Infos, 51 Warnings, 29 Critical Warnings and 0 Errors encountered.
synth_design completed successfully
synth_design: Time (s): cpu = 00:00:20 ; elapsed = 00:00:20 . Memory (MB): peak = 2898.523 ; gain = 1231.172 ; free physical = 11100 ; free virtual = 23308
INFO: [Common 17-2834] synth_design peak Physical Memory [PSS] (MB): overall = 1813.906; main = 1813.906; forked = 283.327
INFO: [Common 17-2834] synth_design peak Virtual Memory [VSS] (MB): overall = 3534.898; main = 2898.492; forked = 1011.262
INFO: [runtcl-6] Synthesis results are not added to the cache due to CRITICAL_WARNING
Write ShapeDB Complete: Time (s): cpu = 00:00:00 ; elapsed = 00:00:00 . Memory (MB): peak = 2946.500 ; gain = 0.000 ; free physical = 11100 ; free virtual = 23307
INFO: [Common 17-1381] The checkpoint '/home/pyra/Documents/Personal Projects/CHIP8-on-Blackboard/project_1.runs/synth_1/matrix_to_sevenseg.dcp' has been generated.
INFO: [Vivado 12-24828] Executing command : report_utilization -file matrix_to_sevenseg_utilization_synth.rpt -pb matrix_to_sevenseg_utilization_synth.pb
INFO: [Common 17-206] Exiting Vivado at Wed Jul  1 20:06:24 2026...
